app/build/outputs/logs/manifest-merger-debug-report.txt
-- Merging decision tree log ---
manifest
ADDED from src\main\AndroidManifest.xml:2:1-174:12
	xmlns:tools
		ADDED from src\main\AndroidManifest.xml:3:5-51
	xmlns:android
		ADDED from src\main\AndroidManifest.xml:2:11-69
	package
		ADDED from src\main\AndroidManifest.xml:4:5-33
		INJECTED from src\main\AndroidManifest.xml
		INJECTED from src\main\AndroidManifest.xml
	android:versionName
		ADDED from src\main\AndroidManifest.xml:6:5-33
		INJECTED from src\main\AndroidManifest.xml
		INJECTED from src\main\AndroidManifest.xml
	android:versionCode
		ADDED from src\main\AndroidManifest.xml:5:5-29
		INJECTED from src\main\AndroidManifest.xml
		INJECTED from src\main\AndroidManifest.xml
permission#com.android.launcher.permission.INSTALL_SHORTCUT
ADDED from src\main\AndroidManifest.xml:8:5-11:44
	android:protectionLevel
		ADDED from src\main\AndroidManifest.xml:11:9-41
	android:permissionGroup
		ADDED from src\main\AndroidManifest.xml:10:9-72
	android:name
		ADDED from src\main\AndroidManifest.xml:9:9-72
permission#com.android.launcher.permission.UNINSTALL_SHORTCUT
ADDED from src\main\AndroidManifest.xml:13:5-16:44
	android:protectionLevel
		ADDED from src\main\AndroidManifest.xml:16:9-41
	android:permissionGroup
		ADDED from src\main\AndroidManifest.xml:15:9-72
	android:name
		ADDED from src\main\AndroidManifest.xml:14:9-74
uses-permission#android.permission.READ_CONTACTS
ADDED from src\main\AndroidManifest.xml:19:5-72
	android:name
		ADDED from src\main\AndroidManifest.xml:19:22-69
uses-permission#android.permission.CALL_PHONE
ADDED from src\main\AndroidManifest.xml:21:5-69
	android:name
		ADDED from src\main\AndroidManifest.xml:21:22-66
uses-permission#android.permission.ACCESS_NETWORK_STATE
ADDED from src\main\AndroidManifest.xml:23:5-79
	android:name
		ADDED from src\main\AndroidManifest.xml:23:22-76
uses-permission#android.permission.CHANGE_NETWORK_STATE
ADDED from src\main\AndroidManifest.xml:24:5-79
	android:name
		ADDED from src\main\AndroidManifest.xml:24:22-76
uses-permission#android.permission.ACCESS_WIFI_STATE
ADDED from src\main\AndroidManifest.xml:26:5-76
	android:name
		ADDED from src\main\AndroidManifest.xml:26:22-73
uses-permission#android.permission.CHANGE_WIFI_STATE
ADDED from src\main\AndroidManifest.xml:27:5-76
	android:name
		ADDED from src\main\AndroidManifest.xml:27:22-73
uses-permission#android.permission.BLUETOOTH
ADDED from src\main\AndroidManifest.xml:29:5-68
	android:name
		ADDED from src\main\AndroidManifest.xml:29:22-65
uses-permission#android.permission.BLUETOOTH_ADMIN
ADDED from src\main\AndroidManifest.xml:30:5-74
	android:name
		ADDED from src\main\AndroidManifest.xml:30:22-71
uses-permission#android.permission.RECEIVE_SMS
ADDED from src\main\AndroidManifest.xml:32:5-70
	android:name
		ADDED from src\main\AndroidManifest.xml:32:22-67
uses-permission#android.permission.READ_PHONE_STATE
ADDED from src\main\AndroidManifest.xml:34:5-75
	android:name
		ADDED from src\main\AndroidManifest.xml:34:22-72
uses-permission#android.permission.CAMERA
ADDED from src\main\AndroidManifest.xml:36:5-65
	android:name
		ADDED from src\main\AndroidManifest.xml:36:22-62
uses-permission#android.permission.FLASHLIGHT
ADDED from src\main\AndroidManifest.xml:37:5-69
	android:name
		ADDED from src\main\AndroidManifest.xml:37:22-66
uses-permission#android.permission.READ_SYNC_SETTINGS
ADDED from src\main\AndroidManifest.xml:39:5-77
	android:name
		ADDED from src\main\AndroidManifest.xml:39:22-74
uses-permission#android.permission.WRITE_SYNC_SETTINGS
ADDED from src\main\AndroidManifest.xml:40:5-78
	android:name
		ADDED from src\main\AndroidManifest.xml:40:22-75
uses-permission#android.permission.WRITE_SETTINGS
ADDED from src\main\AndroidManifest.xml:42:5-73
	android:name
		ADDED from src\main\AndroidManifest.xml:42:22-70
uses-feature#android.hardware.telephony
ADDED from src\main\AndroidManifest.xml:44:5-46:36
	android:required
		ADDED from src\main\AndroidManifest.xml:46:9-33
	android:name
		ADDED from src\main\AndroidManifest.xml:45:9-50
uses-feature#android.hardware.bluetooth
ADDED from src\main\AndroidManifest.xml:47:5-49:36
	android:required
		ADDED from src\main\AndroidManifest.xml:49:9-33
	android:name
		ADDED from src\main\AndroidManifest.xml:48:9-50
uses-feature#android.hardware.wifi
ADDED from src\main\AndroidManifest.xml:50:5-52:36
	android:required
		ADDED from src\main\AndroidManifest.xml:52:9-33
	android:name
		ADDED from src\main\AndroidManifest.xml:51:9-45
uses-feature#android.hardware.camera
ADDED from src\main\AndroidManifest.xml:53:5-55:36
	android:required
		ADDED from src\main\AndroidManifest.xml:55:9-33
	android:name
		ADDED from src\main\AndroidManifest.xml:54:9-47
uses-feature#android.hardware.camera.flash
ADDED from src\main\AndroidManifest.xml:56:5-58:36
	android:required
		ADDED from src\main\AndroidManifest.xml:58:9-33
	android:name
		ADDED from src\main\AndroidManifest.xml:57:9-53
uses-feature#android.hardware.nfc
ADDED from src\main\AndroidManifest.xml:59:5-61:36
	android:required
		ADDED from src\main\AndroidManifest.xml:61:9-33
	android:name
		ADDED from src\main\AndroidManifest.xml:60:9-44
application
ADDED from src\main\AndroidManifest.xml:63:5-172:19
MERGED from [com.google.android.gms:play-services-appindexing:8.1.0] AndroidManifest.xml:19:5-20
MERGED from [com.google.android.gms:play-services-basement:8.1.0] AndroidManifest.xml:20:5-24:19
MERGED from [com.android.support:support-v4:22.2.0] AndroidManifest.xml:22:5-20
	android:label
		ADDED from src\main\AndroidManifest.xml:67:9-41
	android:allowBackup
		ADDED from src\main\AndroidManifest.xml:64:9-35
	android:icon
		ADDED from src\main\AndroidManifest.xml:66:9-45
	android:theme
		ADDED from src\main\AndroidManifest.xml:68:9-45
	android:hardwareAccelerated
		ADDED from src\main\AndroidManifest.xml:65:9-43
	tools:ignore
		ADDED from src\main\AndroidManifest.xml:69:9-48
activity#fr.neamar.ocmaster.MainActivity
ADDED from src\main\AndroidManifest.xml:77:9-101:20
	android:windowSoftInputMode
		ADDED from src\main\AndroidManifest.xml:85:13-73
	android:screenOrientation
		ADDED from src\main\AndroidManifest.xml:83:13-45
	android:label
		ADDED from src\main\AndroidManifest.xml:81:13-45
	android:stateNotNeeded
		ADDED from src\main\AndroidManifest.xml:84:13-42
	android:clearTaskOnLaunch
		ADDED from src\main\AndroidManifest.xml:79:13-45
	android:excludeFromRecents
		ADDED from src\main\AndroidManifest.xml:80:13-46
	android:name
		ADDED from src\main\AndroidManifest.xml:78:13-59
	android:launchMode
		ADDED from src\main\AndroidManifest.xml:82:13-44
intent-filter#android.intent.action.MAIN+android.intent.category.DEFAULT+android.intent.category.HOME+android.intent.category.LAUNCHER
ADDED from src\main\AndroidManifest.xml:86:13-92:29
action#android.intent.action.MAIN
ADDED from src\main\AndroidManifest.xml:87:17-69
	android:name
		ADDED from src\main\AndroidManifest.xml:87:25-66
category#android.intent.category.LAUNCHER
ADDED from src\main\AndroidManifest.xml:89:17-77
	android:name
		ADDED from src\main\AndroidManifest.xml:89:27-74
category#android.intent.category.HOME
ADDED from src\main\AndroidManifest.xml:90:17-73
	android:name
		ADDED from src\main\AndroidManifest.xml:90:27-70
category#android.intent.category.DEFAULT
ADDED from src\main\AndroidManifest.xml:91:17-76
	android:name
		ADDED from src\main\AndroidManifest.xml:91:27-73
intent-filter#android.intent.action.ASSIST+android.intent.category.DEFAULT
ADDED from src\main\AndroidManifest.xml:93:13-96:29
action#android.intent.action.ASSIST
ADDED from src\main\AndroidManifest.xml:94:17-71
	android:name
		ADDED from src\main\AndroidManifest.xml:94:25-68
meta-data#com.android.systemui.action_assist_icon
ADDED from src\main\AndroidManifest.xml:98:13-100:60
	android:resource
		ADDED from src\main\AndroidManifest.xml:100:17-57
	android:name
		ADDED from src\main\AndroidManifest.xml:99:17-71
activity#fr.neamar.ocmaster.SettingsActivity
ADDED from src\main\AndroidManifest.xml:102:9-105:51
	android:label
		ADDED from src\main\AndroidManifest.xml:104:13-53
	android:theme
		ADDED from src\main\AndroidManifest.xml:105:13-48
	android:name
		ADDED from src\main\AndroidManifest.xml:103:13-63
receiver#fr.neamar.ocmaster.broadcast.PackageAddedRemovedHandler
ADDED from src\main\AndroidManifest.xml:108:9-122:20
	android:name
		ADDED from src\main\AndroidManifest.xml:108:19-89
intent-filter#android.intent.action.ACTION_MEDIA_MOUNTED+android.intent.action.ACTION_MEDIA_REMOVED+android.intent.action.MEDIA_MOUNTED+android.intent.action.MEDIA_REMOVED+android.intent.action.PACKAGE_ADDED+android.intent.action.PACKAGE_REMOVED
ADDED from src\main\AndroidManifest.xml:109:13-121:29
action#android.intent.action.PACKAGE_ADDED
ADDED from src\main\AndroidManifest.xml:110:17-78
	android:name
		ADDED from src\main\AndroidManifest.xml:110:25-75
action#android.intent.action.PACKAGE_REMOVED
ADDED from src\main\AndroidManifest.xml:111:17-80
	android:name
		ADDED from src\main\AndroidManifest.xml:111:25-77
action#android.intent.action.MEDIA_MOUNTED
ADDED from src\main\AndroidManifest.xml:113:17-78
	android:name
		ADDED from src\main\AndroidManifest.xml:113:25-75
action#android.intent.action.MEDIA_REMOVED
ADDED from src\main\AndroidManifest.xml:114:17-78
	android:name
		ADDED from src\main\AndroidManifest.xml:114:25-75
action#android.intent.action.ACTION_MEDIA_MOUNTED
ADDED from src\main\AndroidManifest.xml:116:17-85
	android:name
		ADDED from src\main\AndroidManifest.xml:116:25-82
action#android.intent.action.ACTION_MEDIA_REMOVED
ADDED from src\main\AndroidManifest.xml:117:17-85
	android:name
		ADDED from src\main\AndroidManifest.xml:117:25-82
data
ADDED from src\main\AndroidManifest.xml:119:17-47
	android:scheme
		ADDED from src\main\AndroidManifest.xml:119:23-44
receiver#fr.neamar.ocmaster.broadcast.IncomingSmsHandler
ADDED from src\main\AndroidManifest.xml:125:9-132:20
	android:enabled
		ADDED from src\main\AndroidManifest.xml:127:13-36
	android:name
		ADDED from src\main\AndroidManifest.xml:126:13-75
	tools:ignore
		ADDED from src\main\AndroidManifest.xml:128:13-59
intent-filter#android.provider.Telephony.SMS_RECEIVED
ADDED from src\main\AndroidManifest.xml:129:13-131:29
action#android.provider.Telephony.SMS_RECEIVED
ADDED from src\main\AndroidManifest.xml:130:17-82
	android:name
		ADDED from src\main\AndroidManifest.xml:130:25-79
receiver#fr.neamar.ocmaster.broadcast.IncomingCallHandler
ADDED from src\main\AndroidManifest.xml:135:9-141:20
	android:enabled
		ADDED from src\main\AndroidManifest.xml:137:13-36
	android:name
		ADDED from src\main\AndroidManifest.xml:136:13-76
intent-filter#android.intent.action.PHONE_STATE
ADDED from src\main\AndroidManifest.xml:138:13-140:29
action#android.intent.action.PHONE_STATE
ADDED from src\main\AndroidManifest.xml:139:17-76
	android:name
		ADDED from src\main\AndroidManifest.xml:139:25-73
receiver#fr.neamar.ocmaster.broadcast.InstallShortcutHandler
ADDED from src\main\AndroidManifest.xml:144:9-150:20
	android:permission
		ADDED from src\main\AndroidManifest.xml:146:13-82
	android:name
		ADDED from src\main\AndroidManifest.xml:145:13-79
intent-filter#com.android.launcher.action.INSTALL_SHORTCUT
ADDED from src\main\AndroidManifest.xml:147:13-149:29
action#com.android.launcher.action.INSTALL_SHORTCUT
ADDED from src\main\AndroidManifest.xml:148:17-87
	android:name
		ADDED from src\main\AndroidManifest.xml:148:25-84
receiver#fr.neamar.ocmaster.broadcast.UninstallShortcutHandler
ADDED from src\main\AndroidManifest.xml:152:9-158:20
	android:permission
		ADDED from src\main\AndroidManifest.xml:154:13-84
	android:name
		ADDED from src\main\AndroidManifest.xml:153:13-81
intent-filter#com.android.launcher.action.UNINSTALL_SHORTCUT
ADDED from src\main\AndroidManifest.xml:155:13-157:29
action#com.android.launcher.action.UNINSTALL_SHORTCUT
ADDED from src\main\AndroidManifest.xml:156:17-89
	android:name
		ADDED from src\main\AndroidManifest.xml:156:25-86
service#fr.neamar.ocmaster.dataprovider.AliasProvider
ADDED from src\main\AndroidManifest.xml:160:9-80
	android:name
		ADDED from src\main\AndroidManifest.xml:160:18-78
service#fr.neamar.ocmaster.dataprovider.AppProvider
ADDED from src\main\AndroidManifest.xml:161:9-78
	android:name
		ADDED from src\main\AndroidManifest.xml:161:18-76
service#fr.neamar.ocmaster.dataprovider.ContactsProvider
ADDED from src\main\AndroidManifest.xml:162:9-83
	android:name
		ADDED from src\main\AndroidManifest.xml:162:18-81
service#fr.neamar.ocmaster.dataprovider.PhoneProvider
ADDED from src\main\AndroidManifest.xml:163:9-80
	android:name
		ADDED from src\main\AndroidManifest.xml:163:18-78
service#fr.neamar.ocmaster.dataprovider.SearchProvider
ADDED from src\main\AndroidManifest.xml:164:9-81
	android:name
		ADDED from src\main\AndroidManifest.xml:164:18-79
service#fr.neamar.ocmaster.dataprovider.SettingsProvider
ADDED from src\main\AndroidManifest.xml:165:9-83
	android:name
		ADDED from src\main\AndroidManifest.xml:165:18-81
service#fr.neamar.ocmaster.dataprovider.ShortcutsProvider
ADDED from src\main\AndroidManifest.xml:166:9-84
	android:name
		ADDED from src\main\AndroidManifest.xml:166:18-82
service#fr.neamar.ocmaster.dataprovider.TogglesProvider
ADDED from src\main\AndroidManifest.xml:167:9-82
	android:name
		ADDED from src\main\AndroidManifest.xml:167:18-80
meta-data#com.google.android.gms.version
ADDED from src\main\AndroidManifest.xml:169:9-171:69
MERGED from [com.google.android.gms:play-services-basement:8.1.0] AndroidManifest.xml:21:9-23:69
	android:name
		ADDED from src\main\AndroidManifest.xml:170:13-58
	android:value
		ADDED from src\main\AndroidManifest.xml:171:13-66
uses-sdk
INJECTED from src\main\AndroidManifest.xml reason: use-sdk injection requested
MERGED from [com.google.android.gms:play-services-appindexing:8.1.0] AndroidManifest.xml:18:5-42
MERGED from [com.google.android.gms:play-services-basement:8.1.0] AndroidManifest.xml:18:5-42
MERGED from [com.android.support:support-v4:22.2.0] AndroidManifest.xml:20:5-43
	android:targetSdkVersion
		INJECTED from src\main\AndroidManifest.xml
		INJECTED from src\main\AndroidManifest.xml
	android:minSdkVersion
		INJECTED from src\main\AndroidManifest.xml
		INJECTED from src\main\AndroidManifest.xml